<?xml version="1.0" encoding="UTF-8"?>
<testng-results skipped="0" failed="0" total="1" passed="1">
  <reporter-output>
  </reporter-output>
  <suite name="Default suite" duration-ms="46478" started-at="2017-06-20T14:29:31Z" finished-at="2017-06-20T14:30:18Z">
    <groups>
    </groups>
    <test name="Default test" duration-ms="46478" started-at="2017-06-20T14:29:31Z" finished-at="2017-06-20T14:30:18Z">
      <class name="coop.digital.eStores.testAutomation.tests.test1">
        <test-method status="PASS" signature="setup()[pri:0, instance:coop.digital.eStores.testAutomation.tests.test1@4b9e13df]" name="setup" is-config="true" duration-ms="6129" started-at="2017-06-20T15:29:31Z" finished-at="2017-06-20T15:29:37Z">
          <reporter-output>
          </reporter-output>
        </test-method> <!-- setup -->
        <test-method status="PASS" signature="testSteps()[pri:0, instance:coop.digital.eStores.testAutomation.tests.test1@4b9e13df]" name="testSteps" duration-ms="40061" started-at="2017-06-20T15:29:37Z" finished-at="2017-06-20T15:30:17Z">
          <reporter-output>
          </reporter-output>
        </test-method> <!-- testSteps -->
        <test-method status="PASS" signature="teardown()[pri:0, instance:coop.digital.eStores.testAutomation.tests.test1@4b9e13df]" name="teardown" is-config="true" duration-ms="270" started-at="2017-06-20T15:30:17Z" finished-at="2017-06-20T15:30:18Z">
          <reporter-output>
          </reporter-output>
        </test-method> <!-- teardown -->
      </class> <!-- coop.digital.eStores.testAutomation.tests.test1 -->
    </test> <!-- Default test -->
  </suite> <!-- Default suite -->
</testng-results>
