<?xml version="1.0" encoding="UTF-8"?>
<testng-results skipped="0" failed="0" total="1" passed="1">
  <reporter-output>
  </reporter-output>
  <suite name="Default suite" duration-ms="38620" started-at="2017-07-03T14:10:48Z" finished-at="2017-07-03T14:11:26Z">
    <groups>
    </groups>
    <test name="Default test" duration-ms="38620" started-at="2017-07-03T14:10:48Z" finished-at="2017-07-03T14:11:26Z">
      <class name="coop.digital.eStores.testAutomation.tests.test1">
        <test-method status="PASS" signature="setup()[pri:0, instance:coop.digital.eStores.testAutomation.tests.test1@4b9e13df]" name="setup" is-config="true" duration-ms="6675" started-at="2017-07-03T15:10:48Z" finished-at="2017-07-03T15:10:54Z">
          <reporter-output>
          </reporter-output>
        </test-method> <!-- setup -->
        <test-method status="PASS" signature="testSteps()[pri:0, instance:coop.digital.eStores.testAutomation.tests.test1@4b9e13df]" name="testSteps" duration-ms="31675" started-at="2017-07-03T15:10:54Z" finished-at="2017-07-03T15:11:26Z">
          <reporter-output>
          </reporter-output>
        </test-method> <!-- testSteps -->
        <test-method status="PASS" signature="teardown()[pri:0, instance:coop.digital.eStores.testAutomation.tests.test1@4b9e13df]" name="teardown" is-config="true" duration-ms="254" started-at="2017-07-03T15:11:26Z" finished-at="2017-07-03T15:11:26Z">
          <reporter-output>
          </reporter-output>
        </test-method> <!-- teardown -->
      </class> <!-- coop.digital.eStores.testAutomation.tests.test1 -->
    </test> <!-- Default test -->
  </suite> <!-- Default suite -->
</testng-results>
